C51 COMPILER V9.53.0.0   INTERRUPTS                                                        03/20/2017 16:28:32 PAGE 1   


C51 COMPILER V9.53.0.0, COMPILATION OF MODULE INTERRUPTS
OBJECT MODULE PLACED IN .\src/Interrupts.OBJ
COMPILER INVOKED BY: Z:\home\daniel\Downloads\SimplicityStudio_v4\developer\toolchains\keil_8051\9.53\BIN\C51.exe /home/
                    -daniel/SimplicityStudio/v4_workspace/EFM8BB3_Blinky_2/src/Interrupts.c OMF2 SMALL DEBUG OBJECTEXTEND ROM(LARGE) WARNINGL
                    -EVEL(2) FLOATFUZZY(3) OPTIMIZE(8,SPEED) DEFINE(DEBUG=1) INTVECTOR(0X0000) INTPROMOTE INCDIR(/home/daniel/SimplicityStudi
                    -o/v4_workspace/EFM8BB3_Blinky_2/inc;/home/daniel/Downloads/SimplicityStudio_v4/developer/sdks/8051/v4.0.3//Device/shared
                    -/si8051base;/home/daniel/Downloads/SimplicityStudio_v4/developer/sdks/8051/v4.0.3//Device/EFM8BB3/inc) PRINT(.\src/Inter
                    -rupts.lst) COND PAGEWIDTH(120) PAGELENGTH(65) OBJECT(.\src/Interrupts.OBJ)

line level    source

   1          //=========================================================
   2          // src/Interrupts.c: generated by Hardware Configurator
   3          //
   4          // This file will be regenerated when saving a document.
   5          // leave the sections inside the "$[...]" comment tags alone
   6          // or they will be overwritten!
   7          //=========================================================
   8          
   9                   
  10          // USER INCLUDES                        
  11          #include <SI_EFM8BB3_Register_Enums.h>
  12          
  13          //-----------------------------------------------------------------------------
  14          // Global VARIABLES
  15          //-----------------------------------------------------------------------------
  16          int LEDCOUNT = 0;
  17          int maxLen=10;
  18          //-----------------------------------------------------------------------------
  19          // Global CONSTANTS
  20          //-----------------------------------------------------------------------------
  21          SI_SBIT(LED0, SFR_P1, 7);                  // P1.4 LED0
  22          SI_SBIT(LED1, SFR_P1, 5);                  // P1.5 LED1
  23          SI_SBIT(LED2, SFR_P1, 6);                  // P1.6 LED2
  24          
  25          //-----------------------------------------------------------------------------
  26          // TIMER2_ISR
  27          //-----------------------------------------------------------------------------
  28          //
  29          // TIMER2 ISR Content goes here. Remember to clear flag bits:
  30          // TMR2CN::TF2H (Timer # High Byte Overflow Flag)
  31          // TMR2CN::TF2L (Timer # Low Byte Overflow Flag)
  32          //
  33          // This routine changes the state of the LED whenever Timer2 overflows.
  34          //
  35          //-----------------------------------------------------------------------------
  36          SI_INTERRUPT (TIMER2_ISR, TIMER2_IRQn)
  37          {
  38   1              TMR2CN0_TF2H = 0;                  // Clear Timer2 interrupt flag
  39   1              if (LEDCOUNT==0){
  40   2                      P0_B7=0;
  41   2              }
  42   1              else if (LEDCOUNT==maxLen/2){
  43   2                      P0_B7=1;
  44   2              }
  45   1      
  46   1              if (LEDCOUNT>maxLen){
  47   2                      LEDCOUNT=0;
  48   2              }
  49   1              else {
  50   2                      LEDCOUNT++;
  51   2              }
C51 COMPILER V9.53.0.0   INTERRUPTS                                                        03/20/2017 16:28:32 PAGE 2   

  52   1      
  53   1      //      switch (LEDCOUNT)
  54   1      //      {
  55   1      //              case 0:
  56   1      //                 P0_B7=0;
  57   1      //                 break;
  58   1      //              case maxLen/2:
  59   1      //                 P0_B7 = 1;
  60   1      //                 break;
  61   1      //      }
  62   1      //
  63   1      //      if (LEDCOUNT <= maxLen) LEDCOUNT++;
  64   1      //      else LEDCOUNT = 0;
  65   1      }
  66          
  67          SI_INTERRUPT (PMATCH_ISR, PMATCH_IRQn){
  68   1      
  69   1              if (P0_B2==0){
  70   2                      maxLen+=2;
  71   2                      if (maxLen>160){
  72   3                              maxLen=160;
  73   3                      }
  74   2              }
  75   1              if (P0_B3==0){
  76   2                      maxLen-=2;
  77   2                      if (maxLen<0){
  78   3                              maxLen=0;
  79   3                      }
  80   2              }
  81   1              SFRPAGE=LEGACY_PAGE;
  82   1              EIE1 &= ~0x02;
  83   1      }
  84          
  85          


MODULE INFORMATION:   STATIC OVERLAYABLE
   CODE SIZE        =    184    ----
   CONSTANT SIZE    =   ----    ----
   XDATA SIZE       =   ----    ----
   PDATA SIZE       =   ----    ----
   DATA SIZE        =      4    ----
   IDATA SIZE       =   ----    ----
   BIT SIZE         =   ----    ----
   EDATA SIZE       =   ----    ----
   HDATA SIZE       =   ----    ----
   XDATA CONST SIZE =   ----    ----
   FAR CONST SIZE   =   ----    ----
END OF MODULE INFORMATION.


C51 COMPILATION COMPLETE.  0 WARNING(S),  0 ERROR(S)
