C51 COMPILER V9.53.0.0   RETARGETIO                                                        05/08/2017 17:11:18 PAGE 1   


C51 COMPILER V9.53.0.0, COMPILATION OF MODULE RETARGETIO
OBJECT MODULE PLACED IN .\lib/bsp/efm8_retargetserial/retargetio.OBJ
COMPILER INVOKED BY: Z:\home\daniel\Downloads\SimplicityStudio_v4\developer\toolchains\keil_8051\9.53\BIN\C51.exe /home/
                    -daniel/SimplicityStudio/v4_workspace/joystickworks/lib/bsp/efm8_retargetserial/retargetio.c OMF2 LARGE DEBUG OBJECTEXTEN
                    -D ROM(LARGE) WARNINGLEVEL(2) FLOATFUZZY(3) OPTIMIZE(8,SPEED) DEFINE(DEBUG=1) INTVECTOR(0X0000) INTPROMOTE INCDIR(/home/d
                    -aniel/SimplicityStudio/v4_workspace/joystickworks/inc;/home/daniel/Downloads/SimplicityStudio_v4/developer/sdks/8051/v4.
                    -0.3/kits/common/drivers/efm8_joystick;/home/daniel/SimplicityStudio/v4_workspace/joystickworks/lib/bsp/efm8_memory_lcd/i
                    -nc;/home/daniel/SimplicityStudio/v4_workspace/joystickworks/lib/bsp/efm8_memory_lcd/inc/config;/home/daniel/SimplicitySt
                    -udio/v4_workspace/joystickworks/lib/bsp;/home/daniel/Downloads/SimplicityStudio_v4/developer/sdks/8051/v4.0.4//Device/sh
                    -ared/si8051base;/home/daniel/Downloads/SimplicityStudio_v4/developer/sdks/8051/v4.0.4//Device/EFM8BB3/inc;/home/daniel/D
                    -ownloads/SimplicityStudio_v4/developer/sdks/8051/v4.0.4//kits/common/drivers/efm8_retargetserial;/home/daniel/Downloads/
                    -SimplicityStudio_v4/developer/sdks/8051/v4.0.4//kits/common/bsp;/home/daniel/Downloads/SimplicityStudio_v4/developer/sdk
                    -s/8051/v4.0.4//kits/EFM8BB3_SLSTK2022A/config;/home/daniel/Downloads/SimplicityStudio_v4/developer/sdks/8051/v4.0.4//Dev
                    -ice/EFM8BB3/peripheral_driver/inc;/home/daniel/Downloads/SimplicityStudio_v4/developer/sdks/8051/v4.0.4//kits/common/dri
                    -vers/efm8_memory_lcd/inc;/home/daniel/Downloads/SimplicityStudio_v4/developer/sdks/8051/v4.0.4//kits/common/drivers/efm8
                    -_memory_lcd/inc/graphics;/home/daniel/Downloads/SimplicityStudio_v4/developer/sdks/8051/v4.0.4//kits/common/drivers/efm8
                    -_memory_lcd/inc/config;/home/daniel/SimplicityStudio/v4_workspace/uart2/lib/efm8bb3/peripheralDrivers/src;/home/daniel/S
                    -implicityStudio/v4_workspace/uart2working/lib/efm8bb3/peripheralDrivers/src) PRINT(.\lib/bsp/efm8_retargetserial/retarge
                    -tio.lst) COND PAGEWIDTH(120) PAGELENGTH(65) OBJECT(.\lib/bsp/efm8_retargetserial/retargetio.OBJ)

line level    source

   1          /////////////////////////////////////////////////////////////////////////////
   2          // retargetio.c
   3          /////////////////////////////////////////////////////////////////////////////
   4          
   5          #if defined __C51__
   6          
   7          extern char RETARGET_ReadChar(void);
   8          extern char RETARGET_WriteChar(char c);
   9          
  10          char _getkey ()  {
  11   1        return(RETARGET_ReadChar());
  12   1      }
  13          
  14          char putchar (char c)
  15          {
  16   1        return(RETARGET_WriteChar(c));
  17   1      }
  18          
  19          #elif defined __ICC8051__
              
              extern int RETARGET_ReadChar(void);
              extern int RETARGET_WriteChar(int c);
              
              int getchar(void){
                return(RETARGET_ReadChar());
              }
              
              int putchar(int c)
              {
                return(RETARGET_WriteChar(c));
              }
              
              #endif


MODULE INFORMATION:   STATIC OVERLAYABLE
   CODE SIZE        =      8    ----
   CONSTANT SIZE    =   ----    ----
   XDATA SIZE       =   ----    ----
   PDATA SIZE       =   ----    ----
C51 COMPILER V9.53.0.0   RETARGETIO                                                        05/08/2017 17:11:18 PAGE 2   

   DATA SIZE        =   ----    ----
   IDATA SIZE       =   ----    ----
   BIT SIZE         =   ----    ----
   EDATA SIZE       =   ----    ----
   HDATA SIZE       =   ----    ----
   XDATA CONST SIZE =   ----    ----
   FAR CONST SIZE   =   ----    ----
END OF MODULE INFORMATION.


C51 COMPILATION COMPLETE.  0 WARNING(S),  0 ERROR(S)
