C51 COMPILER V9.53.0.0   INTERRUPTS                                                        05/08/2017 18:53:39 PAGE 1   


C51 COMPILER V9.53.0.0, COMPILATION OF MODULE INTERRUPTS
OBJECT MODULE PLACED IN .\src/Interrupts.OBJ
COMPILER INVOKED BY: Z:\home\daniel\Downloads\SimplicityStudio_v4\developer\toolchains\keil_8051\9.53\BIN\C51.exe /home/
                    -daniel/SimplicityStudio/v4_workspace/joystickworks/src/Interrupts.c OMF2 LARGE DEBUG OBJECTEXTEND ROM(LARGE) WARNINGLEVE
                    -L(2) FLOATFUZZY(3) OPTIMIZE(8,SPEED) DEFINE(DEBUG=1) INTVECTOR(0X0000) INTPROMOTE INCDIR(/home/daniel/SimplicityStudio/v
                    -4_workspace/joystickworks/inc;/home/daniel/Downloads/SimplicityStudio_v4/developer/sdks/8051/v4.0.3/kits/common/drivers/
                    -efm8_joystick;/home/daniel/SimplicityStudio/v4_workspace/joystickworks/lib/bsp/efm8_memory_lcd/inc;/home/daniel/Simplici
                    -tyStudio/v4_workspace/joystickworks/lib/bsp/efm8_memory_lcd/inc/config;/home/daniel/SimplicityStudio/v4_workspace/joysti
                    -ckworks/lib/bsp;/home/daniel/Downloads/SimplicityStudio_v4/developer/sdks/8051/v4.0.4//Device/shared/si8051base;/home/da
                    -niel/Downloads/SimplicityStudio_v4/developer/sdks/8051/v4.0.4//Device/EFM8BB3/inc;/home/daniel/Downloads/SimplicityStudi
                    -o_v4/developer/sdks/8051/v4.0.4//kits/common/drivers/efm8_retargetserial;/home/daniel/Downloads/SimplicityStudio_v4/deve
                    -loper/sdks/8051/v4.0.4//kits/common/bsp;/home/daniel/Downloads/SimplicityStudio_v4/developer/sdks/8051/v4.0.4//kits/EFM8
                    -BB3_SLSTK2022A/config;/home/daniel/Downloads/SimplicityStudio_v4/developer/sdks/8051/v4.0.4//Device/EFM8BB3/peripheral_d
                    -river/inc;/home/daniel/Downloads/SimplicityStudio_v4/developer/sdks/8051/v4.0.4//kits/common/drivers/efm8_memory_lcd/inc
                    -;/home/daniel/Downloads/SimplicityStudio_v4/developer/sdks/8051/v4.0.4//kits/common/drivers/efm8_memory_lcd/inc/graphics
                    -;/home/daniel/Downloads/SimplicityStudio_v4/developer/sdks/8051/v4.0.4//kits/common/drivers/efm8_memory_lcd/inc/config;/
                    -home/daniel/SimplicityStudio/v4_workspace/uart2/lib/efm8bb3/peripheralDrivers/src;/home/daniel/SimplicityStudio/v4_works
                    -pace/uart2working/lib/efm8bb3/peripheralDrivers/src) PRINT(.\src/Interrupts.lst) COND PAGEWIDTH(120) PAGELENGTH(65) OBJE
                    -CT(.\src/Interrupts.OBJ)

line level    source

   1          ////=========================================================
   2          //// src/Interrupts.c: generated by Hardware Configurator
   3          ////
   4          //// This file will be regenerated when saving a document.
   5          //// leave the sections inside the "$[...]" comment tags alone
   6          //// or they will be overwritten!
   7          ////=========================================================
   8          //
   9          //
  10          //// USER INCLUDES
  11          //#include <SI_EFM8BB3_Register_Enums.h>
  12          //
  13          ////-----------------------------------------------------------------------------
  14          //// Global CONSTANTS
  15          ////-----------------------------------------------------------------------------
  16          //#define UART_BUFFERSIZE        64
  17          //
  18          ////-----------------------------------------------------------------------------
  19          //// Global Variables
  20          ////-----------------------------------------------------------------------------
  21          //uint8_t UART_Buffer[UART_BUFFERSIZE];
  22          //uint8_t UART_Buffer_Size = 0;
  23          //uint8_t UART_Input_First = 0;
  24          //uint8_t UART_Output_First = 0;
  25          //uint8_t TX_Ready =1;
  26          //uint8_t Byte = 0;
  27          //
  28          ////-----------------------------------------------------------------------------
  29          //// UART0_ISR
  30          ////-----------------------------------------------------------------------------
  31          ////
  32          //// UART0 ISR Content goes here. Remember to clear flag bits:
  33          //// SCON0::RI (Receive Interrupt Flag)
  34          //// SCON0::TI (Transmit Interrupt Flag)
  35          ////
  36          //// This routine is invoked whenever a character is entered or displayed on the
  37          //// Hyperterminal.
  38          ////
  39          ////-----------------------------------------------------------------------------
  40          //SI_INTERRUPT (UART0_ISR, UART0_IRQn)
C51 COMPILER V9.53.0.0   INTERRUPTS                                                        05/08/2017 18:53:39 PAGE 2   

  41          //{
  42          //              P1_B4=!P1_B4;
  43          //         if (SCON0_RI == 1)
  44          //         {
  45          //            if( UART_Buffer_Size == 0)  {    // If new word is entered
  46          //               UART_Input_First = 0;    }
  47          //
  48          //            SCON0_RI = 0;                          // Clear interrupt flag
  49          //
  50          //            Byte = SBUF0;                    // Read a character from UART
  51          //
  52          //
  53          //         }
  54          //
  55          //
  56          //
  57          //}
  58          //
  59          //


MODULE INFORMATION:   STATIC OVERLAYABLE
   CODE SIZE        =   ----    ----
   CONSTANT SIZE    =   ----    ----
   XDATA SIZE       =   ----    ----
   PDATA SIZE       =   ----    ----
   DATA SIZE        =   ----    ----
   IDATA SIZE       =   ----    ----
   BIT SIZE         =   ----    ----
   EDATA SIZE       =   ----    ----
   HDATA SIZE       =   ----    ----
   XDATA CONST SIZE =   ----    ----
   FAR CONST SIZE   =   ----    ----
END OF MODULE INFORMATION.


C51 COMPILATION COMPLETE.  0 WARNING(S),  0 ERROR(S)
