C51 COMPILER V9.53.0.0   EFM8BB3_BLINKY                                                    03/25/2017 23:56:12 PAGE 1   


C51 COMPILER V9.53.0.0, COMPILATION OF MODULE EFM8BB3_BLINKY
OBJECT MODULE PLACED IN .\src/EFM8BB3_Blinky.OBJ
COMPILER INVOKED BY: Z:\home\daniel\Downloads\SimplicityStudio_v4\developer\toolchains\keil_8051\9.53\BIN\C51.exe /home/
                    -daniel/SimplicityStudio/v4_workspace/EFM8BB3_Blinky_2/src/EFM8BB3_Blinky.c OMF2 SMALL DEBUG OBJECTEXTEND ROM(LARGE) WARN
                    -INGLEVEL(2) FLOATFUZZY(3) OPTIMIZE(8,SPEED) DEFINE(DEBUG=1) INTVECTOR(0X0000) INTPROMOTE INCDIR(/home/daniel/SimplicityS
                    -tudio/v4_workspace/EFM8BB3_Blinky_2/inc;/home/daniel/Downloads/SimplicityStudio_v4/developer/sdks/8051/v4.0.3//Device/sh
                    -ared/si8051base;/home/daniel/Downloads/SimplicityStudio_v4/developer/sdks/8051/v4.0.3//Device/EFM8BB3/inc) PRINT(.\src/E
                    -FM8BB3_Blinky.lst) COND PAGEWIDTH(120) PAGELENGTH(65) OBJECT(.\src/EFM8BB3_Blinky.OBJ)

line level    source

   1          //-----------------------------------------------------------------------------
   2          // EFM8BB3_Blinky.c
   3          //-----------------------------------------------------------------------------
   4          // Copyright 2014 Silicon Laboratories, Inc.
   5          // http://developer.silabs.com/legal/version/v11/Silicon_Labs_Software_License_Agreement.txt
   6          //
   7          // Program Description:
   8          //
   9          // This program flashes the red/green/blue LED on the EFM8BB3 STK board about
  10          // five times a second using the interrupt handler for Timer2.
  11          //
  12          // Resources:
  13          //   SYSCLK - 24.5 MHz HFOSC0 / 8
  14          //   Timer2 - 5 Hz interrupt
  15          //   P1.4   - LED green
  16          //   P1.5   - LED blue
  17          //   P1.6   - LED red
  18          //   P3.4   - Display enable
  19          //
  20          //-----------------------------------------------------------------------------
  21          // How To Test: EFM8BB3 STK
  22          //-----------------------------------------------------------------------------
  23          // 1) Place the switch in "AEM" mode.
  24          // 2) Connect the EFM8BB3 STK board to a PC using a mini USB cable.
  25          // 3) Compile and download code to the EFM8BB3 STK board.
  26          //    In Simplicity Studio IDE, select Run -> Debug from the menu bar,
  27          //    click the Debug button in the quick menu, or press F11.
  28          // 4) Run the code.
  29          //    In Simplicity Studio IDE, select Run -> Resume from the menu bar,
  30          //    click the Resume button in the quick menu, or press F8.
  31          // 5) The RGB LED should alternate colors at approximately 5 Hz.
  32          //
  33          // Target:         EFM8BB3
  34          // Tool chain:     Generic
  35          //
  36          // Release 0.1 (ST)
  37          //    - Initial Revision
  38          //    - 20 MAY 2015
  39          //
  40          
  41          //-----------------------------------------------------------------------------
  42          // Includes
  43          //-----------------------------------------------------------------------------
  44          #include <SI_EFM8BB3_Register_Enums.h>
  45          #include <InitDevice.h>
  46          
  47          //-----------------------------------------------------------------------------
  48          // Pin Definitions
  49          //-----------------------------------------------------------------------------
  50          SI_SBIT (DISP_EN, SFR_P3, 4);          // Display Enable
  51          SI_SBIT (S1, SFR_P0, 2);
C51 COMPILER V9.53.0.0   EFM8BB3_BLINKY                                                    03/25/2017 23:56:12 PAGE 2   

  52          SI_SBIT (S2, SFR_P0, 3);
  53          #define DISP_BC_DRIVEN   0             // 0 = Board Controller drives display
  54          #define DISP_EFM8_DRIVEN 1             // 1 = EFM8 drives display
  55          //-----------------------------------------------------------------------------
  56          // Main Routine
  57          //-----------------------------------------------------------------------------
  58          void main (void)
  59          {
  60   1         enter_DefaultMode_from_RESET();
  61   1      
  62   1         DISP_EN = DISP_BC_DRIVEN;           // Display not driven by EFM8
  63   1      
  64   1         IE_EA = 1;                          // Enable global interrupts
  65   1      
  66   1      
  67   1      
  68   1         while (1) {
  69   2                 //if ((P0_B2==1) && (P0_B3==1)){
  70   2                 if ((S1==1) && (S2==1)){
  71   3                         EIE1 |= 0x02;
  72   3                 }
  73   2         }                        // Spin forever
  74   1      }


MODULE INFORMATION:   STATIC OVERLAYABLE
   CODE SIZE        =     18    ----
   CONSTANT SIZE    =   ----    ----
   XDATA SIZE       =   ----    ----
   PDATA SIZE       =   ----    ----
   DATA SIZE        =   ----    ----
   IDATA SIZE       =   ----    ----
   BIT SIZE         =   ----    ----
   EDATA SIZE       =   ----    ----
   HDATA SIZE       =   ----    ----
   XDATA CONST SIZE =   ----    ----
   FAR CONST SIZE   =   ----    ----
END OF MODULE INFORMATION.


C51 COMPILATION COMPLETE.  0 WARNING(S),  0 ERROR(S)
